###############################################################################
#                                                                             #
# IAR C/C++ Compiler V8.20.2.41139 for 8051             28/Apr/2018  15:45:55 #
# Copyright 2004-2013 IAR Systems AB.                                         #
#                                                                             #
#    Core               =  plain                                              #
#    Code model         =  banked                                             #
#    Data model         =  large                                              #
#    Calling convention =  xdata reentrant                                    #
#    Constant location  =  data_rom                                           #
#    Dptr setup         =  1,16                                               #
#                                                                             #
#    Source file        =  D:\zigbee\毕设\lzq\Terminal\Projects\zstack\Sample #
#                          s\SampleApp\Source\SampleApp.c                     #
#    Command line       =  -f D:\zigbee\毕设\lzq\Terminal\Projects\zstack\Sam #
#                          ples\SampleApp\CC2530DB\..\..\..\Tools\CC2530DB\f8 #
#                          wRouter.cfg (-DCPU32MHZ -DROOT=__near_func         #
#                          -DMAC_CFG_APP_PENDING_QUEUE=TRUE                   #
#                          -DMAC_CFG_TX_DATA_MAX=5 -DMAC_CFG_TX_MAX=8         #
#                          -DMAC_CFG_RX_MAX=5 -DRTR_NWK) -f                   #
#                          D:\zigbee\毕设\lzq\Terminal\Projects\zstack\Sample #
#                          s\SampleApp\CC2530DB\..\..\..\Tools\CC2530DB\f8wCo #
#                          nfig.cfg (-DZIGBEEPRO -DSECURE=0                   #
#                          -DZG_SECURE_DYNAMIC=0 -DREFLECTOR                  #
#                          -DDEFAULT_CHANLIST=0x00000800                      #
#                          -DZDAPP_CONFIG_PAN_ID=0xFFF1                       #
#                          -DNWK_START_DELAY=100 -DEXTENDED_JOINING_RANDOM_MA #
#                          SK=0x007F -DBEACON_REQUEST_DELAY=100               #
#                          -DBEACON_REQ_DELAY_MASK=0x00FF                     #
#                          -DLINK_STATUS_JITTER_MASK=0x007F                   #
#                          -DROUTE_EXPIRY_TIME=30 -DAPSC_ACK_WAIT_DURATION_PO #
#                          LLED=3000 -DNWK_INDIRECT_MSG_TIMEOUT=7             #
#                          -DMAX_RREQ_ENTRIES=8 -DAPSC_MAX_FRAME_RETRIES=3    #
#                          -DNWK_MAX_DATA_RETRIES=2                           #
#                          -DMAX_POLL_FAILURE_RETRIES=2 -DMAX_BCAST=9         #
#                          -DAPS_MAX_GROUPS=16 -DMAX_RTG_ENTRIES=40           #
#                          -DNWK_MAX_BINDING_ENTRIES=4                        #
#                          -DMAX_BINDING_CLUSTER_IDS=4 "-DDEFAULT_KEY={0x01,  #
#                          0x03, 0x05, 0x07, 0x09, 0x0B, 0x0D, 0x0F, 0x00,    #
#                          0x02, 0x04, 0x06, 0x08, 0x0A, 0x0C, 0x0D}"         #
#                          -DMAC_MAX_FRAME_SIZE=116                           #
#                          -DZDNWKMGR_MIN_TRANSMISSIONS=20 "-DCONST=const     #
#                          __code" -DGENERIC=__generic                        #
#                          -DRFD_RCVC_ALWAYS_ON=FALSE -DPOLL_RATE=1000        #
#                          -DQUEUED_POLL_RATE=100 -DRESPONSE_POLL_RATE=100)   #
#                          -DREJOIN_POLL_RATE=440 D:\zigbee\毕设\lzq\Terminal #
#                          \Projects\zstack\Samples\SampleApp\Source\SampleAp #
#                          p.c -D ZTOOL_P1 -D xMT_TASK -D xMT_SYS_FUNC -D     #
#                          xMT_ZDO_FUNC -D LCD_SUPPORTED=DEBUG -lC            #
#                          D:\zigbee\毕设\lzq\Terminal\Projects\zstack\Sample #
#                          s\SampleApp\CC2530DB\RouterEB\List\ -lA            #
#                          D:\zigbee\毕设\lzq\Terminal\Projects\zstack\Sample #
#                          s\SampleApp\CC2530DB\RouterEB\List\                #
#                          --diag_suppress Pe001,Pa010 -o                     #
#                          D:\zigbee\毕设\lzq\Terminal\Projects\zstack\Sample #
#                          s\SampleApp\CC2530DB\RouterEB\Obj\ -e              #
#                          --no_code_motion --debug --core=plain --dptr=16,1  #
#                          --data_model=large --code_model=banked             #
#                          --calling_convention=xdata_reentrant               #
#                          --place_constants=data_rom --nr_virtual_regs 16    #
#                          -I D:\zigbee\毕设\lzq\Terminal\Projects\zstack\Sam #
#                          ples\SampleApp\CC2530DB\ -I                        #
#                          D:\zigbee\毕设\lzq\Terminal\Projects\zstack\Sample #
#                          s\SampleApp\CC2530DB\..\Source\ -I                 #
#                          D:\zigbee\毕设\lzq\Terminal\Projects\zstack\Sample #
#                          s\SampleApp\CC2530DB\..\..\..\ZMain\TI2530DB\ -I   #
#                          D:\zigbee\毕设\lzq\Terminal\Projects\zstack\Sample #
#                          s\SampleApp\CC2530DB\..\..\..\..\..\Components\hal #
#                          \include\ -I D:\zigbee\毕设\lzq\Terminal\Projects\ #
#                          zstack\Samples\SampleApp\CC2530DB\..\..\..\..\..\C #
#                          omponents\hal\target\CC2530EB\ -I                  #
#                          D:\zigbee\毕设\lzq\Terminal\Projects\zstack\Sample #
#                          s\SampleApp\CC2530DB\..\..\..\..\..\Components\mac #
#                          \include\ -I D:\zigbee\毕设\lzq\Terminal\Projects\ #
#                          zstack\Samples\SampleApp\CC2530DB\..\..\..\..\..\C #
#                          omponents\mac\high_level\ -I                       #
#                          D:\zigbee\毕设\lzq\Terminal\Projects\zstack\Sample #
#                          s\SampleApp\CC2530DB\..\..\..\..\..\Components\mac #
#                          \low_level\srf04\ -I D:\zigbee\毕设\lzq\Terminal\P #
#                          rojects\zstack\Samples\SampleApp\CC2530DB\..\..\.. #
#                          \..\..\Components\mac\low_level\srf04\single_chip\ #
#                           -I D:\zigbee\毕设\lzq\Terminal\Projects\zstack\Sa #
#                          mples\SampleApp\CC2530DB\..\..\..\..\..\Components #
#                          \mt\ -I D:\zigbee\毕设\lzq\Terminal\Projects\zstac #
#                          k\Samples\SampleApp\CC2530DB\..\..\..\..\..\Compon #
#                          ents\osal\include\ -I D:\zigbee\毕设\lzq\Terminal\ #
#                          Projects\zstack\Samples\SampleApp\CC2530DB\..\..\. #
#                          .\..\..\Components\services\saddr\ -I              #
#                          D:\zigbee\毕设\lzq\Terminal\Projects\zstack\Sample #
#                          s\SampleApp\CC2530DB\..\..\..\..\..\Components\ser #
#                          vices\sdata\ -I D:\zigbee\毕设\lzq\Terminal\Projec #
#                          ts\zstack\Samples\SampleApp\CC2530DB\..\..\..\..\. #
#                          .\Components\stack\af\ -I                          #
#                          D:\zigbee\毕设\lzq\Terminal\Projects\zstack\Sample #
#                          s\SampleApp\CC2530DB\..\..\..\..\..\Components\sta #
#                          ck\nwk\ -I D:\zigbee\毕设\lzq\Terminal\Projects\zs #
#                          tack\Samples\SampleApp\CC2530DB\..\..\..\..\..\Com #
#                          ponents\stack\sapi\ -I D:\zigbee\毕设\lzq\Terminal #
#                          \Projects\zstack\Samples\SampleApp\CC2530DB\..\..\ #
#                          ..\..\..\Components\stack\sec\ -I                  #
#                          D:\zigbee\毕设\lzq\Terminal\Projects\zstack\Sample #
#                          s\SampleApp\CC2530DB\..\..\..\..\..\Components\sta #
#                          ck\sys\ -I D:\zigbee\毕设\lzq\Terminal\Projects\zs #
#                          tack\Samples\SampleApp\CC2530DB\..\..\..\..\..\Com #
#                          ponents\stack\zdo\ -I D:\zigbee\毕设\lzq\Terminal\ #
#                          Projects\zstack\Samples\SampleApp\CC2530DB\..\..\. #
#                          .\..\..\Components\zmac\ -I                        #
#                          D:\zigbee\毕设\lzq\Terminal\Projects\zstack\Sample #
#                          s\SampleApp\CC2530DB\..\..\..\..\..\Components\zma #
#                          c\f8w\ -Ohz --require_prototypes                   #
#    List file          =  D:\zigbee\毕设\lzq\Terminal\Projects\zstack\Sample #
#                          s\SampleApp\CC2530DB\RouterEB\List\SampleApp.lst   #
#    Object file        =  D:\zigbee\毕设\lzq\Terminal\Projects\zstack\Sample #
#                          s\SampleApp\CC2530DB\RouterEB\Obj\SampleApp.r51    #
#                                                                             #
#                                                                             #
###############################################################################

D:\zigbee\毕设\lzq\Terminal\Projects\zstack\Samples\SampleApp\Source\SampleApp.c
      1          /**************************************************************************************************
      2            Filename:       SampleApp.c
      3            Revised:        $Date: 2009-03-18 15:56:27 -0700 (Wed, 18 Mar 2009) $
      4            Revision:       $Revision: 19453 $
      5          
      6            Description:    Sample Application (no Profile).
      7          
      8          
      9            Copyright 2007 Texas Instruments Incorporated. All rights reserved.
     10          
     11            IMPORTANT: Your use of this Software is limited to those specific rights
     12            granted under the terms of a software license agreement between the user
     13            who downloaded the software, his/her employer (which must be your employer)
     14            and Texas Instruments Incorporated (the "License").  You may not use this
     15            Software unless you agree to abide by the terms of the License. The License
     16            limits your use, and you acknowledge, that the Software may not be modified,
     17            copied or distributed unless embedded on a Texas Instruments microcontroller
     18            or used solely and exclusively in conjunction with a Texas Instruments radio
     19            frequency transceiver, which is integrated into your product.  Other than for
     20            the foregoing purpose, you may not use, reproduce, copy, prepare derivative
     21            works of, modify, distribute, perform, display or sell this Software and/or
     22            its documentation for any purpose.
     23          
     24            YOU FURTHER ACKNOWLEDGE AND AGREE THAT THE SOFTWARE AND DOCUMENTATION ARE
     25            PROVIDED AS IS?WITHOUT WARRANTY OF ANY KIND, EITHER EXPRESS OR IMPLIED,
     26            INCLUDING WITHOUT LIMITATION, ANY WARRANTY OF MERCHANTABILITY, TITLE,
     27            NON-INFRINGEMENT AND FITNESS FOR A PARTICULAR PURPOSE. IN NO EVENT SHALL
     28            TEXAS INSTRUMENTS OR ITS LICENSORS BE LIABLE OR OBLIGATED UNDER CONTRACT,
     29            NEGLIGENCE, STRICT LIABILITY, CONTRIBUTION, BREACH OF WARRANTY, OR OTHER
     30            LEGAL EQUITABLE THEORY ANY DIRECT OR INDIRECT DAMAGES OR EXPENSES
     31            INCLUDING BUT NOT LIMITED TO ANY INCIDENTAL, SPECIAL, INDIRECT, PUNITIVE
     32            OR CONSEQUENTIAL DAMAGES, LOST PROFITS OR LOST DATA, COST OF PROCUREMENT
     33            OF SUBSTITUTE GOODS, TECHNOLOGY, SERVICES, OR ANY CLAIMS BY THIRD PARTIES
     34            (INCLUDING BUT NOT LIMITED TO ANY DEFENSE THEREOF), OR OTHER SIMILAR COSTS.
     35          
     36            Should you have any questions regarding your right to use this Software,
     37            contact Texas Instruments Incorporated at www.TI.com.
     38          **************************************************************************************************/
     39          
     40          /*********************************************************************
     41            This application isn't intended to do anything useful, it is
     42            intended to be a simple example of an application's structure.
     43          
     44            This application sends it's messages either as broadcast or
     45            broadcast filtered group messages.  The other (more normal)
     46            message addressing is unicast.  Most of the other sample
     47            applications are written to support the unicast message model.
     48          
     49            Key control:
     50              SW1:  Sends a flash command to all devices in Group 1.
     51              SW2:  Adds/Removes (toggles) this device in and out
     52                    of Group 1.  This will enable and disable the
     53                    reception of the flash command.
     54          *********************************************************************/
     55          
     56          /*********************************************************************
     57           * INCLUDES
     58           */
     59          #include "OSAL.h"
     60          #include "ZGlobals.h"
     61          #include "AF.h"
     62          #include "aps_groups.h"
     63          #include "ZDApp.h"
     64          
     65          #include "SampleApp.h"
     66          #include "SampleAppHw.h"
     67          
     68          #include "OnBoard.h"

   \                                 In  segment SFR_AN, at 0xf3
   \   unsigned char volatile __sfr P0SEL
   \                     P0SEL:
   \   000000                DS 1

   \                                 In  segment SFR_AN, at 0xfd
   \   unsigned char volatile __sfr P0DIR
   \                     P0DIR:
   \   000000                DS 1
     69          
     70          /* HAL */
     71          #include "hal_lcd.h"
     72          #include "hal_led.h"
     73          #include "hal_key.h"
     74          #include "MT_UART.h"
     75          #include "MT_APP.h"
     76          #include "MT.h"
     77          
     78          //传感器
     79          #include "DHT11.h"
     80          
     81          #include <string.h>
     82          
     83          /*********************************************************************
     84           * MACROS
     85           */
     86          
     87          /*********************************************************************
     88           * CONSTANTS
     89           */
     90          
     91          /*********************************************************************
     92           * TYPEDEFS
     93           */
     94          
     95          /*********************************************************************
     96           * GLOBAL VARIABLES
     97           */
     98          
     99          #define ZIGBEE_TERMINAL_ONE     0
    100          #define ZIGBEE_TERMINAL_TWO     0
    101          #define ZIGBEE_ROUTER_ONE       1
    102          
    103          #if ZIGBEE_ROUTER_ONE

   \                                 In  segment XDATA_Z, align 1, keep-with-next
    104          char router_buffer[128] = {0};
   \                     router_buffer:
   \   000000                DS 128
   \   000080                REQUIRE __INIT_XDATA_Z
    105          #endif
    106          

   \                                 In  segment XDATA_I, align 1, keep-with-next
    107          uint8 AppTitle[] = "ALD Broadcast"; //应用程序名称
   \                     AppTitle:
   \   000000                DS 14
   \   00000E                REQUIRE `?<Initializer for AppTitle>`
   \   00000E                REQUIRE __INIT_XDATA_I
    108          
    109          // This list should be filled with Application specific Cluster IDs.

   \                                 In  segment XDATA_ROM_C, align 1
    110          const cId_t SampleApp_ClusterList[SAMPLEAPP_MAX_CLUSTERS] =
   \                     SampleApp_ClusterList:
   \   000000   0100         DW 1
   \   000002   0200         DW 2
    111          {
    112            SAMPLEAPP_ROUTER_ONE,
    113            SAMPLEAPP_FLASH_CLUSTERID
    114          };
    115          

   \                                 In  segment XDATA_ROM_C, align 1
    116          const SimpleDescriptionFormat_t SampleApp_SimpleDesc =
   \                     SampleApp_SimpleDesc:
   \   000000   14           DB 20
   \   000001   080F         DW 3848
   \   000003   0100         DW 1
   \   000005   00           DB 0
   \   000006   02           DB 2
   \   000007   ....         DW SampleApp_ClusterList
   \   000009   02           DB 2
   \   00000A   ....         DW SampleApp_ClusterList
    117          {
    118            SAMPLEAPP_ENDPOINT,              //  int Endpoint;
    119            SAMPLEAPP_PROFID,                //  uint16 AppProfId[2];
    120            SAMPLEAPP_DEVICEID,              //  uint16 AppDeviceId[2];
    121            SAMPLEAPP_DEVICE_VERSION,        //  int   AppDevVer:4;
    122            SAMPLEAPP_FLAGS,                 //  int   AppFlags:4;
    123            SAMPLEAPP_MAX_CLUSTERS,          //  uint8  AppNumInClusters;
    124            (cId_t *)SampleApp_ClusterList,  //  uint8 *pAppInClusterList;
    125            SAMPLEAPP_MAX_CLUSTERS,          //  uint8  AppNumInClusters;
    126            (cId_t *)SampleApp_ClusterList   //  uint8 *pAppInClusterList;
    127          };
    128          
    129          // This is the Endpoint/Interface description.  It is defined here, but
    130          // filled-in in SampleApp_Init().  Another way to go would be to fill
    131          // in the structure here and make it a "const" (in code space).  The
    132          // way it's defined in this sample app it is define in RAM.

   \                                 In  segment XDATA_Z, align 1, keep-with-next
    133          endPointDesc_t SampleApp_epDesc;
   \                     SampleApp_epDesc:
   \   000000                DS 6
   \   000006                REQUIRE __INIT_XDATA_Z
    134          
    135          /*********************************************************************
    136           * EXTERNAL VARIABLES
    137           */
    138          
    139          /*********************************************************************
    140           * EXTERNAL FUNCTIONS
    141           */
    142          
    143          /*********************************************************************
    144           * LOCAL VARIABLES
    145           */

   \                                 In  segment XDATA_Z, align 1, keep-with-next
    146          uint8 SampleApp_TaskID;   // Task ID for internal task/event processing
   \                     SampleApp_TaskID:
   \   000000                DS 1
   \   000001                REQUIRE __INIT_XDATA_Z
    147                                    // This variable will be received when
    148                                    // SampleApp_Init() is called.

   \                                 In  segment XDATA_Z, align 1, keep-with-next
    149          devStates_t SampleApp_NwkState;
   \                     SampleApp_NwkState:
   \   000000                DS 1
   \   000001                REQUIRE __INIT_XDATA_Z
    150          

   \                                 In  segment XDATA_Z, align 1, keep-with-next
    151          uint8 SampleApp_TransID;  // This is the unique message ID (counter)
   \                     SampleApp_TransID:
   \   000000                DS 1
   \   000001                REQUIRE __INIT_XDATA_Z
    152          

   \                                 In  segment XDATA_Z, align 1, keep-with-next
    153          afAddrType_t SampleApp_Periodic_DstAddr;
   \                     SampleApp_Periodic_DstAddr:
   \   000000                DS 12
   \   00000C                REQUIRE __INIT_XDATA_Z

   \                                 In  segment XDATA_Z, align 1, keep-with-next
    154          afAddrType_t SampleApp_Flash_DstAddr;
   \                     SampleApp_Flash_DstAddr:
   \   000000                DS 12
   \   00000C                REQUIRE __INIT_XDATA_Z
    155          

   \                                 In  segment XDATA_Z, align 1, keep-with-next
    156          aps_Group_t SampleApp_Group;
   \                     SampleApp_Group:
   \   000000                DS 18
   \   000012                REQUIRE __INIT_XDATA_Z
    157          

   \                                 In  segment XDATA_Z, align 1, keep-with-next
    158          uint8 SampleAppPeriodicCounter = 0;
   \                     SampleAppPeriodicCounter:
   \   000000                DS 1
   \   000001                REQUIRE __INIT_XDATA_Z

   \                                 In  segment XDATA_Z, align 1, keep-with-next
    159          uint8 SampleAppFlashCounter = 0;
   \                     SampleAppFlashCounter:
   \   000000                DS 1
   \   000001                REQUIRE __INIT_XDATA_Z
    160          
    161          /*********************************************************************
    162           * LOCAL FUNCTIONS
    163           */
    164          void SampleApp_HandleKeys( uint8 shift, uint8 keys );
    165          void SampleApp_MessageMSGCB( afIncomingMSGPacket_t *pckt );
    166          void SampleApp_SendPeriodicMessage( void );
    167          void SampleApp_SendFlashMessage( uint16 flashTime );
    168          void SampleApp_SerialCMD(mtOSALSerialData_t *cmdMsg);
    169          
    170          /*********************************************************************
    171           * NETWORK LAYER CALLBACKS
    172           */
    173          
    174          /*********************************************************************
    175           * PUBLIC FUNCTIONS
    176           */
    177          
    178          /*********************************************************************
    179           * @fn      SampleApp_Init
    180           *
    181           * @brief   Initialization function for the Generic App Task.
    182           *          This is called during initialization and should contain
    183           *          any application specific initialization (ie. hardware
    184           *          initialization/setup, table initialization, power up
    185           *          notificaiton ... ).
    186           *
    187           * @param   task_id - the ID assigned by OSAL.  This ID should be
    188           *                    used to send messages and set timers.
    189           *
    190           * @return  none
    191           */

   \                                 In  segment BANKED_CODE, align 1, keep-with-next
    192          void SampleApp_Init( uint8 task_id )
   \                     SampleApp_Init:
    193          { 
   \   000000   74F5         MOV     A,#-0xb
   \   000002   12....       LCALL   ?BANKED_ENTER_XDATA
   \   000005                ; Saved register size: 11
   \   000005                ; Auto size: 0
   \   000005   E9           MOV     A,R1
   \   000006   FE           MOV     R6,A
    194            SampleApp_TaskID = task_id;
   \   000007   90....       MOV     DPTR,#SampleApp_TaskID
   \   00000A   F0           MOVX    @DPTR,A
    195            SampleApp_NwkState = DEV_INIT;
   \   00000B   90....       MOV     DPTR,#SampleApp_NwkState
   \   00000E   7401         MOV     A,#0x1
   \   000010   F0           MOVX    @DPTR,A
    196            SampleApp_TransID = 0;
   \   000011   90....       MOV     DPTR,#SampleApp_TransID
   \   000014   E4           CLR     A
   \   000015   F0           MOVX    @DPTR,A
    197            
    198            MT_UartInit();                  //串口初始化
   \   000016                ; Setup parameters for call to function MT_UartInit
   \   000016   12....       LCALL   ??MT_UartInit?relay
    199            MT_UartRegisterTaskID(task_id); //注册串口任务
   \   000019                ; Setup parameters for call to function MT_UartRegisterTaskID
   \   000019   EE           MOV     A,R6
   \   00001A   F9           MOV     R1,A
   \   00001B   12....       LCALL   ??MT_UartRegisterTaskID?relay
    200            HalUARTWrite(0,"UartInit OK\n", sizeof("UartInit OK\n"));//提示信息
   \   00001E                ; Setup parameters for call to function HalUARTWrite
   \   00001E   7C0D         MOV     R4,#0xd
   \   000020   7D00         MOV     R5,#0x0
   \   000022   7A..         MOV     R2,#`?<Constant "UartInit OK\\n">` & 0xff
   \   000024   7B..         MOV     R3,#(`?<Constant "UartInit OK\\n">` >> 8) & 0xff
   \   000026   7900         MOV     R1,#0x0
   \   000028   12....       LCALL   ??HalUARTWrite?relay
    201            
    202             //配置p07为普通输入IO
    203            P0DIR &= 0x7F;        //温度传感器
   \   00002B   53FD7F       ANL     0xfd,#0x7f
    204            P0SEL &= 0x7F;
   \   00002E   53F37F       ANL     0xf3,#0x7f
    205          
    206            
    207            // Device hardware initialization can be added here or in main() (Zmain.c).
    208            // If the hardware is application specific - add it here.
    209            // If the hardware is other parts of the device add it in main().
    210          
    211           #if defined ( BUILD_ALL_DEVICES )
    212            // The "Demo" target is setup to have BUILD_ALL_DEVICES and HOLD_AUTO_START
    213            // We are looking at a jumper (defined in SampleAppHw.c) to be jumpered
    214            // together - if they are - we will start up a coordinator. Otherwise,
    215            // the device will start as a router.
    216            if ( readCoordinatorJumper() )
    217              zgDeviceLogicalType = ZG_DEVICETYPE_COORDINATOR;
    218            else
    219              zgDeviceLogicalType = ZG_DEVICETYPE_ROUTER;
    220          #endif // BUILD_ALL_DEVICES
    221          
    222          #if defined ( HOLD_AUTO_START )
    223            // HOLD_AUTO_START is a compile option that will surpress ZDApp
    224            //  from starting the device and wait for the application to
    225            //  start the device.
    226            ZDOInitDevice(0);
    227          #endif
    228          
    229            // Setup for the periodic message's destination address
    230            // Broadcast to everyone
    231            SampleApp_Periodic_DstAddr.addrMode = (afAddrMode_t)AddrBroadcast;
   \   000031   90....       MOV     DPTR,#SampleApp_Periodic_DstAddr + 8
   \   000034   740F         MOV     A,#0xf
   \   000036   F0           MOVX    @DPTR,A
    232            SampleApp_Periodic_DstAddr.endPoint = SAMPLEAPP_ENDPOINT;
   \   000037   A3           INC     DPTR
   \   000038   7414         MOV     A,#0x14
   \   00003A   F0           MOVX    @DPTR,A
    233            SampleApp_Periodic_DstAddr.addr.shortAddr = 0xFFFF;
   \   00003B   90....       MOV     DPTR,#SampleApp_Periodic_DstAddr
   \   00003E   74FF         MOV     A,#-0x1
   \   000040   F0           MOVX    @DPTR,A
   \   000041   A3           INC     DPTR
   \   000042   F0           MOVX    @DPTR,A
    234          
    235            // Setup for the flash command's destination address - Group 1
    236            SampleApp_Flash_DstAddr.addrMode = (afAddrMode_t)afAddrGroup;
   \   000043   90....       MOV     DPTR,#SampleApp_Flash_DstAddr + 8
   \   000046   7401         MOV     A,#0x1
   \   000048   F0           MOVX    @DPTR,A
    237            SampleApp_Flash_DstAddr.endPoint = SAMPLEAPP_ENDPOINT;
   \   000049   A3           INC     DPTR
   \   00004A   7414         MOV     A,#0x14
   \   00004C   F0           MOVX    @DPTR,A
    238            SampleApp_Flash_DstAddr.addr.shortAddr = SAMPLEAPP_FLASH_GROUP;
   \   00004D   90....       MOV     DPTR,#SampleApp_Flash_DstAddr
   \   000050   7401         MOV     A,#0x1
   \   000052   F0           MOVX    @DPTR,A
   \   000053   A3           INC     DPTR
   \   000054   E4           CLR     A
   \   000055   F0           MOVX    @DPTR,A
    239          
    240            // Fill out the endpoint description.
    241            SampleApp_epDesc.endPoint = SAMPLEAPP_ENDPOINT;
   \   000056   90....       MOV     DPTR,#SampleApp_epDesc
   \   000059   7414         MOV     A,#0x14
   \   00005B   F0           MOVX    @DPTR,A
    242            SampleApp_epDesc.task_id = &SampleApp_TaskID;
   \   00005C   A3           INC     DPTR
   \   00005D   74..         MOV     A,#SampleApp_TaskID & 0xff
   \   00005F   F0           MOVX    @DPTR,A
   \   000060   A3           INC     DPTR
   \   000061   74..         MOV     A,#(SampleApp_TaskID >> 8) & 0xff
   \   000063   F0           MOVX    @DPTR,A
    243            SampleApp_epDesc.simpleDesc
    244                      = (SimpleDescriptionFormat_t *)&SampleApp_SimpleDesc;
   \   000064   A3           INC     DPTR
   \   000065   74..         MOV     A,#SampleApp_SimpleDesc & 0xff
   \   000067   F0           MOVX    @DPTR,A
   \   000068   A3           INC     DPTR
   \   000069   74..         MOV     A,#(SampleApp_SimpleDesc >> 8) & 0xff
   \   00006B   F0           MOVX    @DPTR,A
    245            SampleApp_epDesc.latencyReq = noLatencyReqs;
   \   00006C   A3           INC     DPTR
   \   00006D   E4           CLR     A
   \   00006E   F0           MOVX    @DPTR,A
    246          
    247            // Register the endpoint description with the AF
    248            afRegister( &SampleApp_epDesc );
   \   00006F                ; Setup parameters for call to function afRegister
   \   00006F   7A..         MOV     R2,#SampleApp_epDesc & 0xff
   \   000071   7B..         MOV     R3,#(SampleApp_epDesc >> 8) & 0xff
   \   000073   12....       LCALL   ??afRegister?relay
    249          
    250            // Register for all key events - This app will handle all key events
    251            RegisterForKeys( SampleApp_TaskID );
   \   000076                ; Setup parameters for call to function RegisterForKeys
   \   000076   90....       MOV     DPTR,#SampleApp_TaskID
   \   000079   E0           MOVX    A,@DPTR
   \   00007A   F9           MOV     R1,A
   \   00007B   12....       LCALL   ??RegisterForKeys?relay
    252          
    253            // By default, all devices start out in Group 1
    254            SampleApp_Group.ID = 0x0001;
   \   00007E   90....       MOV     DPTR,#SampleApp_Group
   \   000081   7401         MOV     A,#0x1
   \   000083   F0           MOVX    @DPTR,A
   \   000084   A3           INC     DPTR
   \   000085   E4           CLR     A
   \   000086   F0           MOVX    @DPTR,A
    255            osal_memcpy( SampleApp_Group.name, "Group 1", 7 );
   \   000087                ; Setup parameters for call to function osal_memcpy
   \   000087   75....       MOV     ?V0 + 0,#`?<Constant "Group 1">` & 0xff
   \   00008A   75....       MOV     ?V0 + 1,#(`?<Constant "Group 1">` >> 8) & 0xff
   \   00008D   F5..         MOV     ?V0 + 2,A
   \   00008F   78..         MOV     R0,#?V0 + 0
   \   000091   12....       LCALL   ?PUSH_XSTACK_I_THREE
   \   000094   7C07         MOV     R4,#0x7
   \   000096   7D00         MOV     R5,#0x0
   \   000098   7A..         MOV     R2,#(SampleApp_Group + 2) & 0xff
   \   00009A   7B..         MOV     R3,#((SampleApp_Group + 2) >> 8) & 0xff
   \   00009C   12....       LCALL   ??osal_memcpy?relay
   \   00009F   7403         MOV     A,#0x3
   \   0000A1   12....       LCALL   ?DEALLOC_XSTACK8
    256            aps_AddGroup( SAMPLEAPP_ENDPOINT, &SampleApp_Group );
   \   0000A4                ; Setup parameters for call to function aps_AddGroup
   \   0000A4   7A..         MOV     R2,#SampleApp_Group & 0xff
   \   0000A6   7B..         MOV     R3,#(SampleApp_Group >> 8) & 0xff
   \   0000A8   7914         MOV     R1,#0x14
   \   0000AA   12....       LCALL   ??aps_AddGroup?relay
    257          
    258          #if defined ( LCD_SUPPORTED )
    259            HalLcdWriteString( "SampleApp", HAL_LCD_LINE_1 );
   \   0000AD                ; Setup parameters for call to function HalLcdWriteString
   \   0000AD   7900         MOV     R1,#0x0
   \   0000AF   7A..         MOV     R2,#`?<Constant "SampleApp">` & 0xff
   \   0000B1   7B..         MOV     R3,#(`?<Constant "SampleApp">` >> 8) & 0xff
   \   0000B3   12....       LCALL   ??HalLcdWriteString?relay
    260          #endif
    261          }
   \   0000B6   7F03         MOV     R7,#0x3
   \   0000B8   02....       LJMP    ?BANKED_LEAVE_XDATA
   \   0000BB                REQUIRE P0DIR
   \   0000BB                REQUIRE P0SEL
    262          
    263          /*********************************************************************
    264           * @fn      SampleApp_ProcessEvent
    265           *
    266           * @brief   Generic Application Task event processor.  This function
    267           *          is called to process all events for the task.  Events
    268           *          include timers, messages and any other user defined events.
    269           *
    270           * @param   task_id  - The OSAL assigned task ID.
    271           * @param   events - events to process.  This is a bit map and can
    272           *                   contain more than one event.
    273           *
    274           * @return  none
    275           */

   \                                 In  segment BANKED_CODE, align 1, keep-with-next
    276          uint16 SampleApp_ProcessEvent( uint8 task_id, uint16 events )
   \                     SampleApp_ProcessEvent:
    277          {
   \   000000   74F4         MOV     A,#-0xc
   \   000002   12....       LCALL   ?BANKED_ENTER_XDATA
   \   000005                ; Saved register size: 12
   \   000005                ; Auto size: 0
   \   000005   EA           MOV     A,R2
   \   000006   FE           MOV     R6,A
   \   000007   EB           MOV     A,R3
   \   000008   FF           MOV     R7,A
    278            afIncomingMSGPacket_t *MSGpkt;
    279            (void)task_id;  // Intentionally unreferenced parameter
    280          
    281            if ( events & SYS_EVENT_MSG )
   \   000009   5480         ANL     A,#0x80
   \   00000B   6078         JZ      ??SampleApp_ProcessEvent_0
    282            {
    283              MSGpkt = (afIncomingMSGPacket_t *)osal_msg_receive( SampleApp_TaskID );
   \   00000D                ; Setup parameters for call to function osal_msg_receive
   \   00000D   802B         SJMP    ??SampleApp_ProcessEvent_1
    284              while ( MSGpkt )
    285              {
    286                switch ( MSGpkt->hdr.event )
    287                {        
    288                  // Received when a key is pressed
    289                  case KEY_CHANGE:
    290                    SampleApp_HandleKeys( ((keyChange_t *)MSGpkt)->state, ((keyChange_t *)MSGpkt)->keys );
    291                    break;
    292          
    293                  // Received when a messages is received (OTA) for this endpoint
    294                  case AF_INCOMING_MSG_CMD:
    295                    SampleApp_MessageMSGCB( MSGpkt );
    296                    break;
    297          
    298                  // Received whenever the device changes state in the network
    299                  case ZDO_STATE_CHANGE:
    300                    SampleApp_NwkState = (devStates_t)(MSGpkt->hdr.status);
   \                     ??SampleApp_ProcessEvent_2:
   \   00000F   A3           INC     DPTR
   \   000010   E0           MOVX    A,@DPTR
   \   000011   90....       MOV     DPTR,#SampleApp_NwkState
   \   000014   F0           MOVX    @DPTR,A
    301                    if ( (SampleApp_NwkState == DEV_ZB_COORD) ||
    302                           (SampleApp_NwkState == DEV_ROUTER)
    303                        || (SampleApp_NwkState == DEV_END_DEVICE) )
   \   000015   6409         XRL     A,#0x9
   \   000017   600A         JZ      ??SampleApp_ProcessEvent_3
   \   000019   E0           MOVX    A,@DPTR
   \   00001A   6407         XRL     A,#0x7
   \   00001C   6005         JZ      ??SampleApp_ProcessEvent_3
   \   00001E   E0           MOVX    A,@DPTR
   \   00001F   6406         XRL     A,#0x6
   \   000021   7010         JNZ     ??SampleApp_ProcessEvent_4
    304                    {
    305                      // Start sending the periodic message in a regular interval.
    306                      osal_start_timerEx( SampleApp_TaskID,
    307                                        SAMPLEAPP_SEND_PERIODIC_MSG_EVT,
    308                                        SAMPLEAPP_SEND_PERIODIC_MSG_TIMEOUT );
   \                     ??SampleApp_ProcessEvent_3:
   \   000023                ; Setup parameters for call to function osal_start_timerEx
   \   000023   7CB8         MOV     R4,#-0x48
   \   000025   7D0B         MOV     R5,#0xb
   \   000027   7A01         MOV     R2,#0x1
   \   000029   7B00         MOV     R3,#0x0
   \   00002B   90....       MOV     DPTR,#SampleApp_TaskID
   \   00002E   E0           MOVX    A,@DPTR
   \   00002F   F9           MOV     R1,A
   \   000030   12....       LCALL   ??osal_start_timerEx?relay
    309                    }
    310                    else
    311                    {
    312                      // Device is no longer in the network
    313                    }
    314                    break;
    315          
    316                  default:
    317                    break;
    318                }
    319          
    320                // Release the memory
    321                osal_msg_deallocate( (uint8 *)MSGpkt );
   \                     ??SampleApp_ProcessEvent_4:
   \   000033                ; Setup parameters for call to function osal_msg_deallocate
   \   000033   AA..         MOV     R2,?V0 + 0
   \   000035   AB..         MOV     R3,?V0 + 1
   \   000037   12....       LCALL   ??osal_msg_deallocate?relay
    322          
    323                // Next - if one is available
    324                MSGpkt = (afIncomingMSGPacket_t *)osal_msg_receive( SampleApp_TaskID );
   \   00003A                ; Setup parameters for call to function osal_msg_receive
   \                     ??SampleApp_ProcessEvent_1:
   \   00003A   90....       MOV     DPTR,#SampleApp_TaskID
   \   00003D   E0           MOVX    A,@DPTR
   \   00003E   F9           MOV     R1,A
   \   00003F   12....       LCALL   ??osal_msg_receive?relay
   \   000042   8A..         MOV     ?V0 + 0,R2
   \   000044   8B..         MOV     ?V0 + 1,R3
   \   000046   E5..         MOV     A,?V0 + 0
   \   000048   45..         ORL     A,?V0 + 1
   \   00004A   6032         JZ      ??SampleApp_ProcessEvent_5
   \   00004C   85..82       MOV     DPL,?V0 + 0
   \   00004F   85..83       MOV     DPH,?V0 + 1
   \   000052   E0           MOVX    A,@DPTR
   \   000053   24E6         ADD     A,#-0x1a
   \   000055   601E         JZ      ??SampleApp_ProcessEvent_6
   \   000057   245A         ADD     A,#0x5a
   \   000059   6006         JZ      ??SampleApp_ProcessEvent_7
   \   00005B   24EF         ADD     A,#-0x11
   \   00005D   60B0         JZ      ??SampleApp_ProcessEvent_2
   \   00005F   80D2         SJMP    ??SampleApp_ProcessEvent_4
   \                     ??SampleApp_ProcessEvent_7:
   \   000061                ; Setup parameters for call to function SampleApp_HandleKeys
   \   000061   A3           INC     DPTR
   \   000062   A3           INC     DPTR
   \   000063   A3           INC     DPTR
   \   000064   E0           MOVX    A,@DPTR
   \   000065   FA           MOV     R2,A
   \   000066   85..82       MOV     DPL,?V0 + 0
   \   000069   85..83       MOV     DPH,?V0 + 1
   \   00006C   A3           INC     DPTR
   \   00006D   A3           INC     DPTR
   \   00006E   E0           MOVX    A,@DPTR
   \   00006F   F9           MOV     R1,A
   \   000070   12....       LCALL   ??SampleApp_HandleKeys?relay
   \   000073   80BE         SJMP    ??SampleApp_ProcessEvent_4
   \                     ??SampleApp_ProcessEvent_6:
   \   000075                ; Setup parameters for call to function SampleApp_MessageMSGCB
   \   000075   AA..         MOV     R2,?V0 + 0
   \   000077   AB..         MOV     R3,?V0 + 1
   \   000079   12....       LCALL   ??SampleApp_MessageMSGCB?relay
   \   00007C   80B5         SJMP    ??SampleApp_ProcessEvent_4
    325              }
    326          
    327              // return unprocessed events
    328              return (events ^ SYS_EVENT_MSG);
   \                     ??SampleApp_ProcessEvent_5:
   \   00007E   EE           MOV     A,R6
   \   00007F   FA           MOV     R2,A
   \   000080   EF           MOV     A,R7
   \   000081   6480         XRL     A,#0x80
   \   000083   8024         SJMP    ??SampleApp_ProcessEvent_8
    329            }
    330          
    331            // Send a message out - This event is generated by a timer
    332            //  (setup in SampleApp_Init()).
    333            if ( events & SAMPLEAPP_SEND_PERIODIC_MSG_EVT )
   \                     ??SampleApp_ProcessEvent_0:
   \   000085   EE           MOV     A,R6
   \   000086   A2E0         MOV     C,0xE0 /* A   */.0
   \   000088   5022         JNC     ??SampleApp_ProcessEvent_9
    334            {
    335              // Send the periodic message
    336              SampleApp_SendPeriodicMessage();
   \   00008A                ; Setup parameters for call to function SampleApp_SendPeriodicMessage
   \   00008A   12....       LCALL   ??SampleApp_SendPeriodicMessage?relay
    337          
    338              // Setup to send message again in normal period (+ a little jitter)
    339              osal_start_timerEx( SampleApp_TaskID, SAMPLEAPP_SEND_PERIODIC_MSG_EVT,
    340                  (SAMPLEAPP_SEND_PERIODIC_MSG_TIMEOUT + (osal_rand() & 0x00FF)) );
   \   00008D                ; Setup parameters for call to function osal_rand
   \   00008D   12....       LCALL   ??osal_rand?relay
   \   000090                ; Setup parameters for call to function osal_start_timerEx
   \   000090   EA           MOV     A,R2
   \   000091   24B8         ADD     A,#-0x48
   \   000093   FC           MOV     R4,A
   \   000094   E4           CLR     A
   \   000095   340B         ADDC    A,#0xb
   \   000097   FD           MOV     R5,A
   \   000098   7A01         MOV     R2,#0x1
   \   00009A   7B00         MOV     R3,#0x0
   \   00009C   90....       MOV     DPTR,#SampleApp_TaskID
   \   00009F   E0           MOVX    A,@DPTR
   \   0000A0   F9           MOV     R1,A
   \   0000A1   12....       LCALL   ??osal_start_timerEx?relay
    341          
    342              // return unprocessed events
    343              return (events ^ SAMPLEAPP_SEND_PERIODIC_MSG_EVT);
   \   0000A4   EE           MOV     A,R6
   \   0000A5   6401         XRL     A,#0x1
   \   0000A7   FA           MOV     R2,A
   \   0000A8   EF           MOV     A,R7
   \                     ??SampleApp_ProcessEvent_8:
   \   0000A9   FB           MOV     R3,A
   \   0000AA   8004         SJMP    ??SampleApp_ProcessEvent_10
    344            }
    345          
    346            // Discard unknown events
    347            return 0;
   \                     ??SampleApp_ProcessEvent_9:
   \   0000AC   7A00         MOV     R2,#0x0
   \   0000AE   7B00         MOV     R3,#0x0
   \                     ??SampleApp_ProcessEvent_10:
   \   0000B0                REQUIRE ?Subroutine0
   \   0000B0                ; // Fall through to label ?Subroutine0
    348          }

   \                                 In  segment BANKED_CODE, align 1, keep-with-next
   \                     ?Subroutine0:
   \   000000   7F04         MOV     R7,#0x4
   \   000002   02....       LJMP    ?BANKED_LEAVE_XDATA
    349          
    350          /*********************************************************************
    351           * Event Generation Functions
    352           */
    353          /*********************************************************************
    354           * @fn      SampleApp_HandleKeys
    355           *
    356           * @brief   Handles all key events for this device.
    357           *
    358           * @param   shift - true if in shift/alt.
    359           * @param   keys - bit field for key events. Valid entries:
    360           *                 HAL_KEY_SW_2
    361           *                 HAL_KEY_SW_1
    362           *
    363           * @return  none
    364           */

   \                                 In  segment BANKED_CODE, align 1, keep-with-next
    365          void SampleApp_HandleKeys( uint8 shift, uint8 keys )
   \                     SampleApp_HandleKeys:
    366          {
   \   000000   74F6         MOV     A,#-0xa
   \   000002   12....       LCALL   ?BANKED_ENTER_XDATA
   \   000005                ; Saved register size: 10
   \   000005                ; Auto size: 0
   \   000005   EA           MOV     A,R2
   \   000006   FE           MOV     R6,A
    367            (void)shift;  // Intentionally unreferenced parameter
    368            
    369            if ( keys & HAL_KEY_SW_1 )
   \   000007   A2E0         MOV     C,0xE0 /* A   */.0
   \   000009   5007         JNC     ??SampleApp_HandleKeys_0
    370            {
    371              /* This key sends the Flash Command is sent to Group 1.
    372               * This device will not receive the Flash Command from this
    373               * device (even if it belongs to group 1).
    374               */
    375              SampleApp_SendFlashMessage( SAMPLEAPP_FLASH_DURATION );
   \   00000B                ; Setup parameters for call to function SampleApp_SendFlashMessage
   \   00000B   7AE8         MOV     R2,#-0x18
   \   00000D   7B03         MOV     R3,#0x3
   \   00000F   12....       LCALL   ??SampleApp_SendFlashMessage?relay
    376            }
    377          
    378            if ( keys & HAL_KEY_SW_2 )
   \                     ??SampleApp_HandleKeys_0:
   \   000012   EE           MOV     A,R6
   \   000013   A2E1         MOV     C,0xE0 /* A   */.1
   \   000015   5024         JNC     ??SampleApp_HandleKeys_1
    379            {
    380              /* The Flashr Command is sent to Group 1.
    381               * This key toggles this device in and out of group 1.
    382               * If this device doesn't belong to group 1, this application
    383               * will not receive the Flash command sent to group 1.
    384               */
    385              aps_Group_t *grp;
    386              grp = aps_FindGroup( SAMPLEAPP_ENDPOINT, SAMPLEAPP_FLASH_GROUP );
    387              if ( grp )
   \   000017                ; Setup parameters for call to function aps_FindGroup
   \   000017   7A01         MOV     R2,#0x1
   \   000019   7B00         MOV     R3,#0x0
   \   00001B   7914         MOV     R1,#0x14
   \   00001D   12....       LCALL   ??aps_FindGroup?relay
   \   000020   8B..         MOV     ?V0 + 1,R3
   \   000022   EA           MOV     A,R2
   \   000023   45..         ORL     A,?V0 + 1
   \   000025   600B         JZ      ??SampleApp_HandleKeys_2
    388              {
    389                // Remove from the group
    390                aps_RemoveGroup( SAMPLEAPP_ENDPOINT, SAMPLEAPP_FLASH_GROUP );
   \   000027                ; Setup parameters for call to function aps_RemoveGroup
   \   000027   7A01         MOV     R2,#0x1
   \   000029   7B00         MOV     R3,#0x0
   \   00002B   7914         MOV     R1,#0x14
   \   00002D   12....       LCALL   ??aps_RemoveGroup?relay
   \   000030   8009         SJMP    ??SampleApp_HandleKeys_1
    391              }
    392              else
    393              {
    394                // Add to the flash group
    395                aps_AddGroup( SAMPLEAPP_ENDPOINT, &SampleApp_Group );
   \                     ??SampleApp_HandleKeys_2:
   \   000032                ; Setup parameters for call to function aps_AddGroup
   \   000032   7A..         MOV     R2,#SampleApp_Group & 0xff
   \   000034   7B..         MOV     R3,#(SampleApp_Group >> 8) & 0xff
   \   000036   7914         MOV     R1,#0x14
   \   000038   12....       LCALL   ??aps_AddGroup?relay
    396              }
    397            }
    398          }
   \                     ??SampleApp_HandleKeys_1:
   \   00003B   02....       LJMP    ??Subroutine5_0 & 0xFFFF

   \                                 In  segment BANKED_CODE, align 1, keep-with-next
   \                     ??Subroutine5_0:
   \   000000   7F02         MOV     R7,#0x2
   \   000002   02....       LJMP    ?BANKED_LEAVE_XDATA
    399          
    400          /*********************************************************************
    401           * LOCAL FUNCTIONS
    402           */
    403          
    404          /*********************************************************************
    405           * @fn      SampleApp_MessageMSGCB
    406           *
    407           * @brief   Data message processor callback.  This function processes
    408           *          any incoming data - probably from other devices.  So, based
    409           *          on cluster ID, perform the intended action.
    410           *
    411           * @param   none
    412           *
    413           * @return  none
    414           */

   \                                 In  segment BANKED_CODE, align 1, keep-with-next
    415          void SampleApp_MessageMSGCB( afIncomingMSGPacket_t *pkt ) //接收数据
   \                     SampleApp_MessageMSGCB:
    416          {
   \   000000   74F4         MOV     A,#-0xc
   \   000002   12....       LCALL   ?BANKED_ENTER_XDATA
   \   000005                ; Saved register size: 12
   \   000005                ; Auto size: 6
   \   000005   74FA         MOV     A,#-0x6
   \   000007   12....       LCALL   ?ALLOC_XSTACK8
   \   00000A   EA           MOV     A,R2
   \   00000B   FE           MOV     R6,A
   \   00000C   EB           MOV     A,R3
   \   00000D   FF           MOV     R7,A
    417            uint16 flashTime;
    418            char temp1[3], temp2[3];
    419          //  memset(temp1, 0, sizeof(temp1));
    420          //  memset(temp2, 0, sizeof(temp2));
    421          
    422            switch ( pkt->clusterId )
   \   00000E   8E82         MOV     DPL,R6
   \   000010   8F83         MOV     DPH,R7
   \   000012   A3           INC     DPTR
   \   000013   A3           INC     DPTR
   \   000014   A3           INC     DPTR
   \   000015   A3           INC     DPTR
   \   000016   E0           MOVX    A,@DPTR
   \   000017   F5..         MOV     ?V0 + 0,A
   \   000019   A3           INC     DPTR
   \   00001A   E0           MOVX    A,@DPTR
   \   00001B   F5..         MOV     ?V0 + 1,A
   \   00001D   78..         MOV     R0,#?V0 + 0
   \   00001F   12....       LCALL   ?US_SWITCH_DENSE
   \                     `?<Jumptable for SampleApp_MessageMSGCB>_0`:
   \   000022   0100         DW        1
   \   000024   04           DB        4
   \   000025   ....         DW        ??SampleApp_MessageMSGCB_0
   \   000027   ....         DW        ??SampleApp_MessageMSGCB_1
   \   000029   ....         DW        ??SampleApp_MessageMSGCB_2
   \   00002B   ....         DW        ??SampleApp_MessageMSGCB_0
   \   00002D   ....         DW        ??SampleApp_MessageMSGCB_3
   \   00002F   ....         DW        ??SampleApp_MessageMSGCB_4
    423            {
    424              case SAMPLEAPP_ROUTER_ONE:
    425                HalUARTWrite(0, "Rx Router one:", 14);        //提示信息
   \                     ??SampleApp_MessageMSGCB_1:
   \   000031                ; Setup parameters for call to function HalUARTWrite
   \   000031   7C0E         MOV     R4,#0xe
   \   000033   7D00         MOV     R5,#0x0
   \   000035   7A..         MOV     R2,#`?<Constant "Rx Router one:">` & 0xff
   \   000037   7B..         MOV     R3,#(`?<Constant "Rx Router one:">` >> 8) & 0xff
   \   000039   7900         MOV     R1,#0x0
   \   00003B   12....       LCALL   ??HalUARTWrite?relay
    426                HalUARTWrite(0, pkt->cmd.Data, pkt->cmd.DataLength); //输出接收到的数据
   \   00003E                ; Setup parameters for call to function HalUARTWrite
   \   00003E   EE           MOV     A,R6
   \   00003F   2420         ADD     A,#0x20
   \   000041   F582         MOV     DPL,A
   \   000043   EF           MOV     A,R7
   \   000044   3400         ADDC    A,#0x0
   \   000046   F583         MOV     DPH,A
   \   000048   12....       LCALL   ??Subroutine4_0 & 0xFFFF
   \                     ??CrossCallReturnLabel_2:
   \   00004B   EE           MOV     A,R6
   \   00004C   2422         ADD     A,#0x22
   \   00004E   F582         MOV     DPL,A
   \   000050   EF           MOV     A,R7
   \   000051   3400         ADDC    A,#0x0
   \   000053   F583         MOV     DPH,A
   \   000055   E0           MOVX    A,@DPTR
   \   000056   FA           MOV     R2,A
   \   000057   A3           INC     DPTR
   \   000058   E0           MOVX    A,@DPTR
   \   000059   FB           MOV     R3,A
   \   00005A   7900         MOV     R1,#0x0
   \   00005C   12....       LCALL   ??HalUARTWrite?relay
    427                HalUARTWrite(0, "\n", 1);         //回车换行
   \   00005F                ; Setup parameters for call to function HalUARTWrite
   \   00005F   7C01         MOV     R4,#0x1
   \   000061   7D00         MOV     R5,#0x0
   \   000063   7A..         MOV     R2,#`?<Constant "\\n">` & 0xff
   \   000065   7B..         MOV     R3,#(`?<Constant "\\n">` >> 8) & 0xff
   \   000067   02....       LJMP    ??SampleApp_MessageMSGCB_5 & 0xFFFF
    428                
    429                break;
    430              
    431              case SAMPLEAPP_TERMINAL_ONE:        //终端1
    432                  HalUARTWrite(0, "Rx Terminal one:", 16);        //提示信息
   \                     ??SampleApp_MessageMSGCB_3:
   \   00006A                ; Setup parameters for call to function HalUARTWrite
   \   00006A   7C10         MOV     R4,#0x10
   \   00006C   7D00         MOV     R5,#0x0
   \   00006E   7A..         MOV     R2,#`?<Constant "Rx Terminal one:">` & 0xff
   \   000070   7B..         MOV     R3,#(`?<Constant "Rx Terminal one:">` >> 8) & 0xff
   \   000072   7900         MOV     R1,#0x0
   \   000074   12....       LCALL   ??HalUARTWrite?relay
    433                  HalUARTWrite(0, pkt->cmd.Data, pkt->cmd.DataLength); //输出接收到的数据
   \   000077   12....       LCALL   ?Subroutine2 & 0xFFFF
   \                     ??CrossCallReturnLabel_0:
   \   00007A   12....       LCALL   ??HalUARTWrite?relay
    434                  HalUARTWrite(0, "\r\n", 2);         //回车换行
   \   00007D   75....       MOV     ?V0 + 0,#`?<Constant "\\r\\n">` & 0xff
   \   000080   75....       MOV     ?V0 + 1,#(`?<Constant "\\r\\n">` >> 8) & 0xff
   \   000083                ; Setup parameters for call to function HalUARTWrite
   \   000083   7C02         MOV     R4,#0x2
   \   000085   7D00         MOV     R5,#0x0
   \   000087   AA..         MOV     R2,?V0 + 0
   \   000089   AB..         MOV     R3,?V0 + 1
   \   00008B   7900         MOV     R1,#0x0
   \   00008D   12....       LCALL   ??HalUARTWrite?relay
    435                  memcpy(temp1, pkt->cmd.Data, pkt->cmd.DataLength);
   \   000090                ; Setup parameters for call to function memcpy
   \   000090   85..82       MOV     DPL,?V0 + 2
   \   000093   85..83       MOV     DPH,?V0 + 3
   \   000096   12....       LCALL   ?PUSH_XSTACK8_X_TWO
   \   000099   12....       LCALL   ?Subroutine3 & 0xFFFF
   \                     ??CrossCallReturnLabel_4:
   \   00009C   7405         MOV     A,#0x5
   \   00009E   12....       LCALL   ?XSTACK_DISP0_8
   \   0000A1   AA82         MOV     R2,DPL
   \   0000A3   AB83         MOV     R3,DPH
   \   0000A5   12....       LCALL   ??memcpy?relay
   \   0000A8   7402         MOV     A,#0x2
   \   0000AA   12....       LCALL   ?DEALLOC_XSTACK8
    436                  temp1[2] = '\0';
   \   0000AD   7405         MOV     A,#0x5
   \   0000AF   12....       LCALL   ?XSTACK_DISP0_8
   \   0000B2   E4           CLR     A
   \   0000B3   F0           MOVX    @DPTR,A
    437                  HalUARTWrite(0, "temp1:", 6);
   \   0000B4                ; Setup parameters for call to function HalUARTWrite
   \   0000B4   7C06         MOV     R4,#0x6
   \   0000B6   FD           MOV     R5,A
   \   0000B7   7A..         MOV     R2,#`?<Constant "temp1:">` & 0xff
   \   0000B9   7B..         MOV     R3,#(`?<Constant "temp1:">` >> 8) & 0xff
   \   0000BB   F9           MOV     R1,A
   \   0000BC   12....       LCALL   ??HalUARTWrite?relay
    438                  HalUARTWrite(0, temp1, 2);  
                                         ^
Warning[Pe167]: argument of type "char *" is incompatible with parameter of
          type "unsigned char *"
   \   0000BF                ; Setup parameters for call to function HalUARTWrite
   \   0000BF   7C02         MOV     R4,#0x2
   \   0000C1   7D00         MOV     R5,#0x0
   \   0000C3   7403         MOV     A,#0x3
   \   0000C5   12....       LCALL   ?XSTACK_DISP0_8
   \   0000C8   805F         SJMP    ??SampleApp_MessageMSGCB_6
    439                  HalUARTWrite(0, "\r\n", 2);         //回车换行
    440                  break;
    441                
    442              case SAMPLEAPP_TERMINAL_TWO:        //终端2
    443                  HalUARTWrite(0, "Rx Terminal two:", 16);        //提示信息
   \                     ??SampleApp_MessageMSGCB_4:
   \   0000CA                ; Setup parameters for call to function HalUARTWrite
   \   0000CA   7C10         MOV     R4,#0x10
   \   0000CC   7D00         MOV     R5,#0x0
   \   0000CE   7A..         MOV     R2,#`?<Constant "Rx Terminal two:">` & 0xff
   \   0000D0   7B..         MOV     R3,#(`?<Constant "Rx Terminal two:">` >> 8) & 0xff
   \   0000D2   7900         MOV     R1,#0x0
   \   0000D4   12....       LCALL   ??HalUARTWrite?relay
    444                  HalUARTWrite(0, pkt->cmd.Data, pkt->cmd.DataLength); //输出接收到的数据
   \   0000D7   12....       LCALL   ?Subroutine2 & 0xFFFF
   \                     ??CrossCallReturnLabel_1:
   \   0000DA   12....       LCALL   ??HalUARTWrite?relay
    445                  HalUARTWrite(0, "\r\n", 2);         //回车换行
   \   0000DD   75....       MOV     ?V0 + 0,#`?<Constant "\\r\\n">` & 0xff
   \   0000E0   75....       MOV     ?V0 + 1,#(`?<Constant "\\r\\n">` >> 8) & 0xff
   \   0000E3                ; Setup parameters for call to function HalUARTWrite
   \   0000E3   7C02         MOV     R4,#0x2
   \   0000E5   7D00         MOV     R5,#0x0
   \   0000E7   AA..         MOV     R2,?V0 + 0
   \   0000E9   AB..         MOV     R3,?V0 + 1
   \   0000EB   7900         MOV     R1,#0x0
   \   0000ED   12....       LCALL   ??HalUARTWrite?relay
    446                  memcpy(temp2, pkt->cmd.Data, pkt->cmd.DataLength);
   \   0000F0                ; Setup parameters for call to function memcpy
   \   0000F0   85..82       MOV     DPL,?V0 + 2
   \   0000F3   85..83       MOV     DPH,?V0 + 3
   \   0000F6   12....       LCALL   ?PUSH_XSTACK8_X_TWO
   \   0000F9   12....       LCALL   ?Subroutine3 & 0xFFFF
   \                     ??CrossCallReturnLabel_5:
   \   0000FC   7402         MOV     A,#0x2
   \   0000FE   12....       LCALL   ?XSTACK_DISP0_8
   \   000101   AA82         MOV     R2,DPL
   \   000103   AB83         MOV     R3,DPH
   \   000105   12....       LCALL   ??memcpy?relay
   \   000108   7402         MOV     A,#0x2
   \   00010A   12....       LCALL   ?DEALLOC_XSTACK8
    447                  temp2[2] = '\0';
   \   00010D   7402         MOV     A,#0x2
   \   00010F   12....       LCALL   ?XSTACK_DISP0_8
   \   000112   E4           CLR     A
   \   000113   F0           MOVX    @DPTR,A
    448                  HalUARTWrite(0, "temp2:", 6);
   \   000114                ; Setup parameters for call to function HalUARTWrite
   \   000114   7C06         MOV     R4,#0x6
   \   000116   FD           MOV     R5,A
   \   000117   7A..         MOV     R2,#`?<Constant "temp2:">` & 0xff
   \   000119   7B..         MOV     R3,#(`?<Constant "temp2:">` >> 8) & 0xff
   \   00011B   F9           MOV     R1,A
   \   00011C   12....       LCALL   ??HalUARTWrite?relay
    449                  HalUARTWrite(0, temp2, 2);  
                                         ^
Warning[Pe167]: argument of type "char *" is incompatible with parameter of
          type "unsigned char *"
   \   00011F                ; Setup parameters for call to function HalUARTWrite
   \   00011F   7C02         MOV     R4,#0x2
   \   000121   7D00         MOV     R5,#0x0
   \   000123   85..82       MOV     DPL,?XSP + 0
   \   000126   85..83       MOV     DPH,?XSP + 1
   \                     ??SampleApp_MessageMSGCB_6:
   \   000129   AA82         MOV     R2,DPL
   \   00012B   AB83         MOV     R3,DPH
   \   00012D   7900         MOV     R1,#0x0
   \   00012F   12....       LCALL   ??HalUARTWrite?relay
    450                  HalUARTWrite(0, "\r\n", 2);         //回车换行
   \   000132                ; Setup parameters for call to function HalUARTWrite
   \   000132   7C02         MOV     R4,#0x2
   \   000134   7D00         MOV     R5,#0x0
   \   000136   AA..         MOV     R2,?V0 + 0
   \   000138   AB..         MOV     R3,?V0 + 1
   \                     ??SampleApp_MessageMSGCB_5:
   \   00013A   7900         MOV     R1,#0x0
   \   00013C   12....       LCALL   ??HalUARTWrite?relay
    451                  break;
   \   00013F   803D         SJMP    ??SampleApp_MessageMSGCB_0
    452          
    453              case SAMPLEAPP_FLASH_CLUSTERID:     //此实验没有使用，到后面实验详解
    454                flashTime = BUILD_UINT16(pkt->cmd.Data[1], pkt->cmd.Data[2] );
    455                HalLedBlink( HAL_LED_4, 4, 50, (flashTime / 4) );
   \                     ??SampleApp_MessageMSGCB_2:
   \   000141   EE           MOV     A,R6
   \   000142   2422         ADD     A,#0x22
   \   000144   FE           MOV     R6,A
   \   000145   EF           MOV     A,R7
   \   000146   3400         ADDC    A,#0x0
   \   000148   FF           MOV     R7,A
   \   000149   8E82         MOV     DPL,R6
   \   00014B   8F83         MOV     DPH,R7
   \   00014D   E0           MOVX    A,@DPTR
   \   00014E   F8           MOV     R0,A
   \   00014F   A3           INC     DPTR
   \   000150   E0           MOVX    A,@DPTR
   \   000151   F9           MOV     R1,A
   \   000152                ; Setup parameters for call to function HalLedBlink
   \   000152   8882         MOV     DPL,R0
   \   000154   8983         MOV     DPH,R1
   \   000156   A3           INC     DPTR
   \   000157   E0           MOVX    A,@DPTR
   \   000158   FA           MOV     R2,A
   \   000159   8882         MOV     DPL,R0
   \   00015B   8983         MOV     DPH,R1
   \   00015D   A3           INC     DPTR
   \   00015E   A3           INC     DPTR
   \   00015F   E0           MOVX    A,@DPTR
   \   000160   F9           MOV     R1,A
   \   000161   EA           MOV     A,R2
   \   000162   2400         ADD     A,#0x0
   \   000164   F5..         MOV     ?V0 + 0,A
   \   000166   E4           CLR     A
   \   000167   39           ADDC    A,R1
   \   000168   F5..         MOV     ?V0 + 1,A
   \   00016A   7402         MOV     A,#0x2
   \   00016C   78..         MOV     R0,#?V0 + 0
   \   00016E   12....       LCALL   ?US_SHR
   \   000171   AC..         MOV     R4,?V0 + 0
   \   000173   AD..         MOV     R5,?V0 + 1
   \   000175   7B32         MOV     R3,#0x32
   \   000177   7A04         MOV     R2,#0x4
   \   000179   7908         MOV     R1,#0x8
   \   00017B   12....       LCALL   ??HalLedBlink?relay
    456                break;
    457            }
    458            
    459          }
   \                     ??SampleApp_MessageMSGCB_0:
   \   00017E   7406         MOV     A,#0x6
   \   000180   12....       LCALL   ?DEALLOC_XSTACK8
   \   000183   02....       LJMP    ?Subroutine0 & 0xFFFF

   \                                 In  segment BANKED_CODE, align 1, keep-with-next
   \                     ?Subroutine2:
   \   000000   EE           MOV     A,R6
   \   000001   2420         ADD     A,#0x20
   \   000003   F5..         MOV     ?V0 + 2,A
   \   000005   EF           MOV     A,R7
   \   000006   3400         ADDC    A,#0x0
   \   000008   F5..         MOV     ?V0 + 3,A
   \   00000A   EE           MOV     A,R6
   \   00000B   2422         ADD     A,#0x22
   \   00000D   FE           MOV     R6,A
   \   00000E   EF           MOV     A,R7
   \   00000F   3400         ADDC    A,#0x0
   \   000011   FF           MOV     R7,A
   \   000012                ; Setup parameters for call to function HalUARTWrite
   \   000012                ; Setup parameters for call to function HalUARTWrite
   \   000012   85..82       MOV     DPL,?V0 + 2
   \   000015   85..83       MOV     DPH,?V0 + 3
   \   000018   12....       LCALL   ??Subroutine4_0 & 0xFFFF
   \                     ??CrossCallReturnLabel_3:
   \   00001B   8E82         MOV     DPL,R6
   \   00001D   8F83         MOV     DPH,R7
   \   00001F   E0           MOVX    A,@DPTR
   \   000020   FA           MOV     R2,A
   \   000021   A3           INC     DPTR
   \   000022   E0           MOVX    A,@DPTR
   \   000023   FB           MOV     R3,A
   \   000024   7900         MOV     R1,#0x0
   \   000026   22           RET

   \                                 In  segment BANKED_CODE, align 1, keep-with-next
   \                     ?Subroutine3:
   \   000000   8E82         MOV     DPL,R6
   \   000002   8F83         MOV     DPH,R7
   \   000004                REQUIRE ??Subroutine4_0
   \   000004                ; // Fall through to label ??Subroutine4_0

   \                                 In  segment BANKED_CODE, align 1, keep-with-next
   \                     ??Subroutine4_0:
   \   000000   E0           MOVX    A,@DPTR
   \   000001   FC           MOV     R4,A
   \   000002   A3           INC     DPTR
   \   000003   E0           MOVX    A,@DPTR
   \   000004   FD           MOV     R5,A
   \   000005   22           RET
    460          
    461          /*********************************************************************
    462           * @fn      SampleApp_SendPeriodicMessage
    463           *
    464           * @brief   Send the periodic message.
    465           *
    466           * @param   none
    467           *
    468           * @return  none
    469           */

   \                                 In  segment BANKED_CODE, align 1, keep-with-next
    470          void SampleApp_SendPeriodicMessage( void )
   \                     SampleApp_SendPeriodicMessage:
    471          {
   \   000000   74F6         MOV     A,#-0xa
   \   000002   12....       LCALL   ?BANKED_ENTER_XDATA
   \   000005                ; Saved register size: 10
   \   000005                ; Auto size: 3
   \   000005   74FD         MOV     A,#-0x3
   \   000007   12....       LCALL   ?ALLOC_XSTACK8
    472           
    473            char temp[3], humidity[3];
    474            
    475            DHT11();             //获取温湿度
   \   00000A                ; Setup parameters for call to function DHT11
   \   00000A   12....       LCALL   ??DHT11?relay
    476          
    477            //将温湿度的转换成字符串,供LCD显示  
    478            temp[0] = wendu_shi+0x30;
   \   00000D   90....       MOV     DPTR,#wendu_shi
   \   000010   E0           MOVX    A,@DPTR
   \   000011   2430         ADD     A,#0x30
   \   000013   85..82       MOV     DPL,?XSP + 0
   \   000016   85..83       MOV     DPH,?XSP + 1
   \   000019   F0           MOVX    @DPTR,A
    479            temp[1] = wendu_ge+0x30;
   \   00001A   90....       MOV     DPTR,#wendu_ge
   \   00001D   E0           MOVX    A,@DPTR
   \   00001E   2430         ADD     A,#0x30
   \   000020   C0E0         PUSH    A
   \   000022   7401         MOV     A,#0x1
   \   000024   12....       LCALL   ?XSTACK_DISP0_8
   \   000027   D0E0         POP     A
   \   000029   F0           MOVX    @DPTR,A
    480            temp[2] = '\0';
   \   00002A   7402         MOV     A,#0x2
   \   00002C   12....       LCALL   ?XSTACK_DISP0_8
   \   00002F   E4           CLR     A
   \   000030   F0           MOVX    @DPTR,A
    481            humidity[0] = shidu_shi+0x30;
    482            humidity[1] = shidu_ge+0x30;
    483            humidity[2] = '\0';
    484            
    485            HalUARTWrite(0, "TEM:", 4);
   \   000031                ; Setup parameters for call to function HalUARTWrite
   \   000031   7C04         MOV     R4,#0x4
   \   000033   FD           MOV     R5,A
   \   000034   7A..         MOV     R2,#`?<Constant "TEM:">` & 0xff
   \   000036   7B..         MOV     R3,#(`?<Constant "TEM:">` >> 8) & 0xff
   \   000038   F9           MOV     R1,A
   \   000039   12....       LCALL   ??HalUARTWrite?relay
    486            HalUARTWrite(0, temp, 3);
                                   ^
Warning[Pe167]: argument of type "char *" is incompatible with parameter of
          type "unsigned char *"

    char temp[3], humidity[3];
                  ^
"D:\zigbee\毕设\lzq\Terminal\Projects\zstack\Samples\SampleApp\Source\SampleApp.c",473  Warning[Pe550]: 
          variable "humidity" was set but never used
   \   00003C                ; Setup parameters for call to function HalUARTWrite
   \   00003C   7C03         MOV     R4,#0x3
   \   00003E   7D00         MOV     R5,#0x0
   \   000040   85..82       MOV     DPL,?XSP + 0
   \   000043   85..83       MOV     DPH,?XSP + 1
   \   000046   AA82         MOV     R2,DPL
   \   000048   AB83         MOV     R3,DPH
   \   00004A   7900         MOV     R1,#0x0
   \   00004C   12....       LCALL   ??HalUARTWrite?relay
    487            HalUARTWrite(0, "\r\n", 2); 
   \   00004F                ; Setup parameters for call to function HalUARTWrite
   \   00004F   7C02         MOV     R4,#0x2
   \   000051   7D00         MOV     R5,#0x0
   \   000053   7A..         MOV     R2,#`?<Constant "\\r\\n">` & 0xff
   \   000055   7B..         MOV     R3,#(`?<Constant "\\r\\n">` >> 8) & 0xff
   \   000057   7900         MOV     R1,#0x0
   \   000059   12....       LCALL   ??HalUARTWrite?relay
    488          
    489          #if ZIGBEE_ROUTER_ONE  
    490            if ( AF_DataRequest( &SampleApp_Periodic_DstAddr, &SampleApp_epDesc,
    491                                 SAMPLEAPP_TERMINAL_ONE,//SAMPLEAPP_PERIODIC_CLUSTERID,
    492                                 10,
    493                                 "lzq router",
    494                                 &SampleApp_TransID,
    495                                 AF_DISCV_ROUTE,
    496                                 AF_DEFAULT_RADIUS ) == afStatus_SUCCESS )
   \   00005C                ; Setup parameters for call to function AF_DataRequest
   \   00005C   75..1E       MOV     ?V0 + 0,#0x1e
   \   00005F   78..         MOV     R0,#?V0 + 0
   \   000061   12....       LCALL   ?PUSH_XSTACK_I_ONE
   \   000064   75....       MOV     ?V0 + 0,#SampleApp_TransID & 0xff
   \   000067   75....       MOV     ?V0 + 1,#(SampleApp_TransID >> 8) & 0xff
   \   00006A   78..         MOV     R0,#?V0 + 0
   \   00006C   12....       LCALL   ?PUSH_XSTACK_I_TWO
   \   00006F   75....       MOV     ?V0 + 0,#`?<Constant "lzq router">` & 0xff
   \   000072   75....       MOV     ?V0 + 1,#(`?<Constant "lzq router">` >> 8) & 0xff
   \   000075   78..         MOV     R0,#?V0 + 0
   \   000077   12....       LCALL   ?PUSH_XSTACK_I_TWO
   \   00007A   75..0A       MOV     ?V0 + 0,#0xa
   \   00007D   75..00       MOV     ?V0 + 1,#0x0
   \   000080   78..         MOV     R0,#?V0 + 0
   \   000082   12....       LCALL   ?PUSH_XSTACK_I_TWO
   \   000085   75..04       MOV     ?V0 + 0,#0x4
   \   000088   78..         MOV     R0,#?V0 + 0
   \   00008A   12....       LCALL   ?PUSH_XSTACK_I_TWO
   \   00008D   7920         MOV     R1,#0x20
   \   00008F   7C..         MOV     R4,#SampleApp_epDesc & 0xff
   \   000091   7D..         MOV     R5,#(SampleApp_epDesc >> 8) & 0xff
   \   000093   7A..         MOV     R2,#SampleApp_Periodic_DstAddr & 0xff
   \   000095   7B..         MOV     R3,#(SampleApp_Periodic_DstAddr >> 8) & 0xff
   \   000097                REQUIRE ?Subroutine1
   \   000097                ; // Fall through to label ?Subroutine1
    497            {
    498            }
    499            else
    500            {
    501              // Error occurred in request to send.
    502            }
    503          #endif  
    504            
    505          #if ZIGBEE_TERMINAL_ONE  
    506            if ( AF_DataRequest( &SampleApp_Periodic_DstAddr, &SampleApp_epDesc,
    507                                 SAMPLEAPP_TERMINAL_ONE,//SAMPLEAPP_PERIODIC_CLUSTERID,
    508                                 2,
    509                                 temp,
    510                                 &SampleApp_TransID,
    511                                 AF_DISCV_ROUTE,
    512                                 AF_DEFAULT_RADIUS ) == afStatus_SUCCESS )
    513            {
    514            }
    515            else
    516            {
    517              // Error occurred in request to send.
    518            }
    519          #endif
    520          #if ZIGBEE_TERMINAL_TWO  
    521            if ( AF_DataRequest( &SampleApp_Periodic_DstAddr, &SampleApp_epDesc,
    522                                 SAMPLEAPP_TERMINAL_TWO,//SAMPLEAPP_PERIODIC_CLUSTERID,
    523                                 2,
    524                                 temp,
    525                                 &SampleApp_TransID,
    526                                 AF_DISCV_ROUTE,
    527                                 AF_DEFAULT_RADIUS ) == afStatus_SUCCESS )
    528            {
    529            }
    530            else
    531            {
    532              // Error occurred in request to send.
    533            }
    534          #endif
    535            
    536          }

   \                                 In  segment BANKED_CODE, align 1, keep-with-next
   \                     ?Subroutine1:
   \   000000   12....       LCALL   ??AF_DataRequest?relay
   \   000003   7409         MOV     A,#0x9
   \   000005   12....       LCALL   ?DEALLOC_XSTACK8
   \   000008   7403         MOV     A,#0x3
   \   00000A   12....       LCALL   ?DEALLOC_XSTACK8
   \   00000D                REQUIRE ??Subroutine5_0
   \   00000D                ; // Fall through to label ??Subroutine5_0
    537          
    538          /*********************************************************************
    539           * @fn      SampleApp_SendFlashMessage
    540           *
    541           * @brief   Send the flash message to group 1.
    542           *
    543           * @param   flashTime - in milliseconds
    544           *
    545           * @return  none
    546           */

   \                                 In  segment BANKED_CODE, align 1, keep-with-next
    547          void SampleApp_SendFlashMessage( uint16 flashTime )
   \                     SampleApp_SendFlashMessage:
    548          {
   \   000000   74F6         MOV     A,#-0xa
   \   000002   12....       LCALL   ?BANKED_ENTER_XDATA
   \   000005                ; Saved register size: 10
   \   000005                ; Auto size: 3
   \   000005   74FD         MOV     A,#-0x3
   \   000007   12....       LCALL   ?ALLOC_XSTACK8
    549            uint8 buffer[3];
    550            buffer[0] = (uint8)(SampleAppFlashCounter++);
   \   00000A   90....       MOV     DPTR,#SampleAppFlashCounter
   \   00000D   E0           MOVX    A,@DPTR
   \   00000E   85..82       MOV     DPL,?XSP + 0
   \   000011   85..83       MOV     DPH,?XSP + 1
   \   000014   F0           MOVX    @DPTR,A
   \   000015   90....       MOV     DPTR,#SampleAppFlashCounter
   \   000018   E0           MOVX    A,@DPTR
   \   000019   04           INC     A
   \   00001A   F0           MOVX    @DPTR,A
    551            buffer[1] = LO_UINT16( flashTime );
   \   00001B   7401         MOV     A,#0x1
   \   00001D   12....       LCALL   ?XSTACK_DISP0_8
   \   000020   EA           MOV     A,R2
   \   000021   F0           MOVX    @DPTR,A
    552            buffer[2] = HI_UINT16( flashTime );
   \   000022   7402         MOV     A,#0x2
   \   000024   12....       LCALL   ?XSTACK_DISP0_8
   \   000027   EB           MOV     A,R3
   \   000028   F0           MOVX    @DPTR,A
    553          
    554            if ( AF_DataRequest( &SampleApp_Flash_DstAddr, &SampleApp_epDesc,
    555                                 SAMPLEAPP_FLASH_CLUSTERID,
    556                                 3,
    557                                 buffer,
    558                                 &SampleApp_TransID,
    559                                 AF_DISCV_ROUTE,
    560                                 AF_DEFAULT_RADIUS ) == afStatus_SUCCESS )
   \   000029                ; Setup parameters for call to function AF_DataRequest
   \   000029   75..1E       MOV     ?V0 + 0,#0x1e
   \   00002C   78..         MOV     R0,#?V0 + 0
   \   00002E   12....       LCALL   ?PUSH_XSTACK_I_ONE
   \   000031   75....       MOV     ?V0 + 0,#SampleApp_TransID & 0xff
   \   000034   75....       MOV     ?V0 + 1,#(SampleApp_TransID >> 8) & 0xff
   \   000037   78..         MOV     R0,#?V0 + 0
   \   000039   12....       LCALL   ?PUSH_XSTACK_I_TWO
   \   00003C   7403         MOV     A,#0x3
   \   00003E   12....       LCALL   ?XSTACK_DISP0_8
   \   000041   8582..       MOV     ?V0 + 0,DPL
   \   000044   8583..       MOV     ?V0 + 1,DPH
   \   000047   78..         MOV     R0,#?V0 + 0
   \   000049   12....       LCALL   ?PUSH_XSTACK_I_TWO
   \   00004C   75..03       MOV     ?V0 + 0,#0x3
   \   00004F   75..00       MOV     ?V0 + 1,#0x0
   \   000052   78..         MOV     R0,#?V0 + 0
   \   000054   12....       LCALL   ?PUSH_XSTACK_I_TWO
   \   000057   75..02       MOV     ?V0 + 0,#0x2
   \   00005A   78..         MOV     R0,#?V0 + 0
   \   00005C   12....       LCALL   ?PUSH_XSTACK_I_TWO
   \   00005F   7920         MOV     R1,#0x20
   \   000061   7C..         MOV     R4,#SampleApp_epDesc & 0xff
   \   000063   7D..         MOV     R5,#(SampleApp_epDesc >> 8) & 0xff
   \   000065   7A..         MOV     R2,#SampleApp_Flash_DstAddr & 0xff
   \   000067   7B..         MOV     R3,#(SampleApp_Flash_DstAddr >> 8) & 0xff
   \   000069   80..         SJMP    ?Subroutine1
    561            {
    562            }
    563            else
    564            {
    565              // Error occurred in request to send.
    566            }
    567          }

   \                                 In  segment XDATA_ID, align 1, keep-with-next
   \                     `?<Initializer for AppTitle>`:
   \   000000   414C4420     DB "ALD Broadcast"
   \            42726F61
   \            64636173
   \            7400    

   \                                 In  segment BANK_RELAYS, align 1
   \                     ??SampleApp_Init?relay:
   \   000000   12....       LCALL   ?BDISPATCH
   \   000003   ......       DC24    SampleApp_Init

   \                                 In  segment BANK_RELAYS, align 1
   \                     ??SampleApp_ProcessEvent?relay:
   \   000000   12....       LCALL   ?BDISPATCH
   \   000003   ......       DC24    SampleApp_ProcessEvent

   \                                 In  segment BANK_RELAYS, align 1
   \                     ??SampleApp_HandleKeys?relay:
   \   000000   12....       LCALL   ?BDISPATCH
   \   000003   ......       DC24    SampleApp_HandleKeys

   \                                 In  segment BANK_RELAYS, align 1
   \                     ??SampleApp_MessageMSGCB?relay:
   \   000000   12....       LCALL   ?BDISPATCH
   \   000003   ......       DC24    SampleApp_MessageMSGCB

   \                                 In  segment BANK_RELAYS, align 1
   \                     ??SampleApp_SendPeriodicMessage?relay:
   \   000000   12....       LCALL   ?BDISPATCH
   \   000003   ......       DC24    SampleApp_SendPeriodicMessage

   \                                 In  segment BANK_RELAYS, align 1
   \                     ??SampleApp_SendFlashMessage?relay:
   \   000000   12....       LCALL   ?BDISPATCH
   \   000003   ......       DC24    SampleApp_SendFlashMessage

   \                                 In  segment XDATA_ROM_C, align 1
   \                     `?<Constant "UartInit OK\\n">`:
   \   000000   55617274     DB "UartInit OK\012"
   \            496E6974
   \            204F4B0A
   \            00      

   \                                 In  segment XDATA_ROM_C, align 1
   \                     `?<Constant "Group 1">`:
   \   000000   47726F75     DB "Group 1"
   \            70203100

   \                                 In  segment XDATA_ROM_C, align 1
   \                     `?<Constant "SampleApp">`:
   \   000000   53616D70     DB "SampleApp"
   \            6C654170
   \            7000    

   \                                 In  segment XDATA_ROM_C, align 1
   \                     `?<Constant "Rx Router one:">`:
   \   000000   52782052     DB "Rx Router one:"
   \            6F757465
   \            72206F6E
   \            653A00  

   \                                 In  segment XDATA_ROM_C, align 1
   \                     `?<Constant "\\n">`:
   \   000000   0A00         DB "\012"

   \                                 In  segment XDATA_ROM_C, align 1
   \                     `?<Constant "Rx Terminal one:">`:
   \   000000   52782054     DB "Rx Terminal one:"
   \            65726D69
   \            6E616C20
   \            6F6E653A
   \            00      

   \                                 In  segment XDATA_ROM_C, align 1
   \                     `?<Constant "\\r\\n">`:
   \   000000   0D0A00       DB "\015\012"

   \                                 In  segment XDATA_ROM_C, align 1
   \                     `?<Constant "temp1:">`:
   \   000000   74656D70     DB "temp1:"
   \            313A00  

   \                                 In  segment XDATA_ROM_C, align 1
   \                     `?<Constant "Rx Terminal two:">`:
   \   000000   52782054     DB "Rx Terminal two:"
   \            65726D69
   \            6E616C20
   \            74776F3A
   \            00      

   \                                 In  segment XDATA_ROM_C, align 1
   \                     `?<Constant "temp2:">`:
   \   000000   74656D70     DB "temp2:"
   \            323A00  

   \                                 In  segment XDATA_ROM_C, align 1
   \                     `?<Constant "TEM:">`:
   \   000000   54454D3A     DB "TEM:"
   \            00      

   \                                 In  segment XDATA_ROM_C, align 1
   \                     `?<Constant "lzq router">`:
   \   000000   6C7A7120     DB "lzq router"
   \            726F7574
   \            657200  
    568          /*********************************************************************
    569          *********************************************************************/

   Maximum stack usage in bytes:

   ISTACK PSTACK XSTACK Function
   ------ ------ ------ --------
       0      0     22  SampleApp_HandleKeys
                          0 0 10 -> SampleApp_SendFlashMessage
                          0 0 10 -> aps_AddGroup
                          0 0 10 -> aps_FindGroup
                          0 0 10 -> aps_RemoveGroup
       0      0     14  SampleApp_Init
                          0 0 11 -> HalLcdWriteString
                          0 0 11 -> HalUARTWrite
                          0 0 11 -> MT_UartInit
                          0 0 11 -> MT_UartRegisterTaskID
                          0 0 11 -> RegisterForKeys
                          0 0 11 -> afRegister
                          0 0 11 -> aps_AddGroup
                          0 0 14 -> osal_memcpy
       0      0     32  SampleApp_MessageMSGCB
                          0 0 18 -> HalLedBlink
                          0 0 18 -> HalUARTWrite
                          0 0 20 -> memcpy
       0      0     12  SampleApp_ProcessEvent
                          0 0 12 -> SampleApp_HandleKeys
                          0 0 12 -> SampleApp_MessageMSGCB
                          0 0 12 -> SampleApp_SendPeriodicMessage
                          0 0 12 -> osal_msg_deallocate
                          0 0 12 -> osal_msg_receive
                          0 0 12 -> osal_rand
                          0 0 12 -> osal_start_timerEx
       1      0     32  SampleApp_SendFlashMessage
                          0 0 22 -> AF_DataRequest
       1      0     34  SampleApp_SendPeriodicMessage
                          0 0 22 -> AF_DataRequest
                          0 0 13 -> DHT11
                          0 0 13 -> HalUARTWrite


   Segment part sizes:

   Bytes  Function/Label
   -----  --------------
       8  ?<Constant "Group 1">
      15  ?<Constant "Rx Router one:">
      17  ?<Constant "Rx Terminal one:">
      17  ?<Constant "Rx Terminal two:">
      10  ?<Constant "SampleApp">
       5  ?<Constant "TEM:">
      13  ?<Constant "UartInit OK\n">
       2  ?<Constant "\n">
       3  ?<Constant "\r\n">
      11  ?<Constant "lzq router">
       7  ?<Constant "temp1:">
       7  ?<Constant "temp2:">
      14  ?<Initializer for AppTitle>
       6  ??SampleApp_HandleKeys?relay
       6  ??SampleApp_Init?relay
       6  ??SampleApp_MessageMSGCB?relay
       6  ??SampleApp_ProcessEvent?relay
       6  ??SampleApp_SendFlashMessage?relay
       6  ??SampleApp_SendPeriodicMessage?relay
       6  ??Subroutine4_0
       5  ??Subroutine5_0
       5  ?Subroutine0
      13  ?Subroutine1
      39  ?Subroutine2
       4  ?Subroutine3
      14  AppTitle
       1  P0DIR
       1  P0SEL
       1  SampleAppFlashCounter
       1  SampleAppPeriodicCounter
       4  SampleApp_ClusterList
      12  SampleApp_Flash_DstAddr
      18  SampleApp_Group
      62  SampleApp_HandleKeys
     187  SampleApp_Init
     390  SampleApp_MessageMSGCB
       1  SampleApp_NwkState
      12  SampleApp_Periodic_DstAddr
     176  SampleApp_ProcessEvent
     107  SampleApp_SendFlashMessage
     151  SampleApp_SendPeriodicMessage
      12  SampleApp_SimpleDesc
       1  SampleApp_TaskID
       1  SampleApp_TransID
       6  SampleApp_epDesc
     128  router_buffer

 
 1 145 bytes in segment BANKED_CODE
    36 bytes in segment BANK_RELAYS
     2 bytes in segment SFR_AN
    14 bytes in segment XDATA_I
    14 bytes in segment XDATA_ID
   131 bytes in segment XDATA_ROM_C
   181 bytes in segment XDATA_Z
 
 1 195 bytes of CODE  memory
   131 bytes of CONST memory
     0 bytes of DATA  memory (+ 2 bytes shared)
   195 bytes of XDATA memory

Errors: none
Warnings: 4
